[2025-04-10 20:14:34] UOLScraper: Falha ao obter HTML da página.
[2025-04-10 20:14:34] UOLScraper: Falha ao obter HTML da página.
[2025-04-10 20:14:34] UOLScraper: Falha ao obter HTML da página.
[2025-04-10 20:17:04] UOLScraper: Nós encontrados: 11
[2025-04-10 20:17:04] UOLScraper: Nós encontrados: 11
[2025-04-10 20:17:05] UOLScraper: Nós encontrados: 11
[2025-04-10 20:23:21] UOLScraper: Nós encontrados na listagem: 11
[2025-04-10 20:23:40] UOLScraper: Nós encontrados na listagem: 11
[2025-04-10 20:23:52] UOLScraper: Nós encontrados na listagem: 11
[2025-04-10 20:26:01] UOLScraper: Nós encontrados na listagem: 0
[2025-04-10 20:26:01] UOLScraper: Nós encontrados na listagem: 0
[2025-04-10 20:26:01] UOLScraper: Nós encontrados na listagem: 0
[2025-04-10 20:26:08] UOLScraper: Nós encontrados na listagem: 0
[2025-04-10 20:26:09] UOLScraper: Nós encontrados na listagem: 0
[2025-04-10 20:26:09] UOLScraper: Nós encontrados na listagem: 0
[2025-04-10 20:26:30] UOLScraper: Nós encontrados na listagem: 0
[2025-04-10 20:26:30] UOLScraper: Nós encontrados na listagem: 0
[2025-04-10 20:26:31] UOLScraper: Nós encontrados na listagem: 0
[2025-04-10 20:27:25] UOLScraper: Falha ao obter HTML da página.
[2025-04-10 20:27:25] UOLScraper: Falha ao obter HTML da página.
[2025-04-10 20:27:26] UOLScraper: Falha ao obter HTML da página.
[2025-04-10 20:29:21] UOLScraper: Nós encontrados na listagem: 11
[2025-04-10 20:29:30] UOLScraper: Nós encontrados na listagem: 11
[2025-04-10 20:29:49] UOLScraper: Nós encontrados na listagem: 11
[2025-04-10 20:33:01] UOLScraper: Nós encontrados na listagem: 11
[2025-04-10 20:33:08] UOLScraper: Nós encontrados na listagem: 11
[2025-04-10 20:33:14] UOLScraper: Nós encontrados na listagem: 11
[2025-04-10 20:34:30] UOLScraper: Nós encontrados na listagem: 11
[2025-04-10 20:34:37] UOLScraper: Nós encontrados na listagem: 11
[2025-04-10 20:34:46] UOLScraper: Nós encontrados na listagem: 11
[2025-04-10 20:35:52] UOLScraper: Nós encontrados na listagem: 11
[2025-04-10 20:36:02] UOLScraper: Nós encontrados na listagem: 11
[2025-04-10 20:36:07] UOLScraper: Nós encontrados na listagem: 11
[2025-04-10 20:38:49] UOLScraper: Nós encontrados na listagem: 11
[2025-04-10 20:38:56] UOLScraper: Nós encontrados na listagem: 11
[2025-04-10 20:39:02] UOLScraper: Nós encontrados na listagem: 11
[2025-04-10 20:41:07] UOLScraper: Nós encontrados na listagem: 11
[2025-04-10 20:41:11] UOLScraper: Nós encontrados na listagem: 11
[2025-04-10 20:41:16] UOLScraper: Nós encontrados na listagem: 11
[2025-04-10 21:05:04] UOLScraper: Nós encontrados na listagem: 11
[2025-04-10 21:05:08] UOLScraper: Nós encontrados na listagem: 11
[2025-04-10 21:05:10] UOLScraper: Nós encontrados na listagem: 11
[2025-04-10 21:05:12] UOLScraper: Nós encontrados na listagem: 11
[2025-04-10 21:07:46] UOLScraper: Nós encontrados na listagem: 11
[2025-04-10 21:07:48] UOLScraper: Nós encontrados na listagem: 11
[2025-04-10 21:07:51] UOLScraper: Nós encontrados na listagem: 11
[2025-04-10 21:09:14] UOLScraper: Nós encontrados na listagem: 11
[2025-04-10 21:09:17] UOLScraper: Nós encontrados na listagem: 11
[2025-04-10 21:09:19] UOLScraper: Nós encontrados na listagem: 11
[2025-04-10 21:09:25] UOLScraper: Nós encontrados na listagem: 11
[2025-04-10 21:09:27] UOLScraper: Nós encontrados na listagem: 11
[2025-04-10 21:09:30] UOLScraper: Nós encontrados na listagem: 11
[2025-04-10 21:27:39] UOLScraper: Nós encontrados na listagem: 0
[2025-04-10 21:27:39] UOLScraper: Nós encontrados na listagem: 0
[2025-04-10 21:27:40] UOLScraper: Nós encontrados na listagem: 0
[2025-04-10 21:27:46] UOLScraper: Nós encontrados na listagem: 0
[2025-04-10 21:27:46] UOLScraper: Nós encontrados na listagem: 0
[2025-04-10 21:27:46] UOLScraper: Nós encontrados na listagem: 0
[2025-04-10 21:30:06] UOLScraper: Nós encontrados na listagem: 11
[2025-04-10 21:30:08] UOLScraper: Nós encontrados na listagem: 11
[2025-04-10 21:30:10] UOLScraper: Nós encontrados na listagem: 11
[2025-04-10 21:30:40] UOLScraper: Nós encontrados na listagem: 11
[2025-04-10 21:30:42] UOLScraper: Nós encontrados na listagem: 11
[2025-04-10 21:30:44] UOLScraper: Nós encontrados na listagem: 11
[2025-04-10 21:33:29] UOLScraper: Nós encontrados na listagem: 11
[2025-04-10 21:33:32] UOLScraper: Nós encontrados na listagem: 11
[2025-04-10 21:33:34] UOLScraper: Nós encontrados na listagem: 11
[2025-04-10 21:34:26] G1Scraper: Inicializado com cacheTime = 600 segundos.
[2025-04-10 21:34:26] G1Scraper: Usando cache existente.
[2025-04-10 21:34:26] UOLScraper: Nós encontrados na listagem: 11
[2025-04-10 21:34:28] G1Scraper: Inicializado com cacheTime = 600 segundos.
[2025-04-10 21:34:28] G1Scraper: Usando cache existente.
[2025-04-10 21:34:28] UOLScraper: Nós encontrados na listagem: 11
[2025-04-10 21:34:30] G1Scraper: Inicializado com cacheTime = 600 segundos.
[2025-04-10 21:34:30] G1Scraper: Usando cache existente.
[2025-04-10 21:34:30] UOLScraper: Nós encontrados na listagem: 11
[2025-04-10 21:36:14] G1: Inicializado com cache de 10 minutos.
[2025-04-10 21:36:14] G1: Usando dados em cache.
[2025-04-10 21:36:15] UOL: Itens encontrados na listagem: 0
[2025-04-10 21:36:15] UOL: Scraping concluído. Artigos encontrados: 0
[2025-04-10 21:36:15] G1: Inicializado com cache de 10 minutos.
[2025-04-10 21:36:15] G1: Usando dados em cache.
[2025-04-10 21:36:15] UOL: Itens encontrados na listagem: 0
[2025-04-10 21:36:15] UOL: Scraping concluído. Artigos encontrados: 0
[2025-04-10 21:36:15] G1: Inicializado com cache de 10 minutos.
[2025-04-10 21:36:15] G1: Usando dados em cache.
[2025-04-10 21:36:15] UOL: Itens encontrados na listagem: 0
[2025-04-10 21:36:15] UOL: Scraping concluído. Artigos encontrados: 0
[2025-04-10 21:47:22] G1: Inicializado com cache de 10 minutos.
[2025-04-10 21:47:22] G1: Iniciando scraping da página de listagem.
[2025-04-10 21:47:23] G1: Nós encontrados na listagem: 10
[2025-04-10 21:47:25] G1: Scraping concluído. Artigos encontrados: 10
[2025-04-10 21:47:26] UOL: Itens encontrados na listagem: 11
[2025-04-10 21:47:28] UOL: Scraping concluído. Artigos encontrados: 11
[2025-04-10 21:47:28] G1: Inicializado com cache de 10 minutos.
[2025-04-10 21:47:28] G1: Usando dados em cache.
[2025-04-10 21:47:28] UOL: Itens encontrados na listagem: 11
[2025-04-10 21:47:29] UOL: Scraping concluído. Artigos encontrados: 11
[2025-04-10 21:47:30] G1: Inicializado com cache de 10 minutos.
[2025-04-10 21:47:30] G1: Usando dados em cache.
[2025-04-10 21:47:30] UOL: Itens encontrados na listagem: 11
[2025-04-10 21:47:31] UOL: Scraping concluído. Artigos encontrados: 11
[2025-04-10 21:47:39] G1: Inicializado com cache de 10 minutos.
[2025-04-10 21:47:39] G1: Usando dados em cache.
[2025-04-10 21:47:39] UOL: Itens encontrados na listagem: 11
[2025-04-10 21:47:41] UOL: Scraping concluído. Artigos encontrados: 11
[2025-04-10 21:49:25] G1: Inicializado com cache de 10 minutos.
[2025-04-10 21:49:25] G1: Usando dados em cache.
[2025-04-10 21:49:25] UOL: Itens encontrados na listagem: 11
[2025-04-10 21:49:27] UOL: Scraping concluído. Artigos encontrados: 11
[2025-04-10 21:49:28] G1: Inicializado com cache de 10 minutos.
[2025-04-10 21:49:28] G1: Usando dados em cache.
[2025-04-10 21:49:28] UOL: Itens encontrados na listagem: 11
[2025-04-10 21:49:29] UOL: Scraping concluído. Artigos encontrados: 11
[2025-04-10 21:49:32] G1: Inicializado com cache de 10 minutos.
[2025-04-10 21:49:32] G1: Usando dados em cache.
[2025-04-10 21:49:33] UOL: Itens encontrados na listagem: 11
[2025-04-10 21:49:34] UOL: Scraping concluído. Artigos encontrados: 11
[2025-04-10 21:49:35] G1: Inicializado com cache de 10 minutos.
[2025-04-10 21:49:35] G1: Usando dados em cache.
[2025-04-10 21:49:35] UOL: Itens encontrados na listagem: 11
[2025-04-10 21:49:36] UOL: Scraping concluído. Artigos encontrados: 11
[2025-04-10 21:52:41] G1: Inicializado com cache de 10 minutos.
[2025-04-10 21:52:41] G1: Usando dados em cache.
[2025-04-10 21:52:41] UOL: Itens encontrados na listagem: 11
[2025-04-10 21:52:44] UOL: Scraping concluído. Artigos encontrados: 11
[2025-04-10 21:52:44] G1: Inicializado com cache de 10 minutos.
[2025-04-10 21:52:44] G1: Usando dados em cache.
[2025-04-10 21:52:44] UOL: Itens encontrados na listagem: 11
[2025-04-10 21:52:46] UOL: Scraping concluído. Artigos encontrados: 11
[2025-04-10 21:53:02] G1: Inicializado com cache de 10 minutos.
[2025-04-10 21:53:02] G1: Usando dados em cache.
[2025-04-10 21:53:02] UOL: Itens encontrados na listagem: 11
[2025-04-10 21:53:04] UOL: Scraping concluído. Artigos encontrados: 11
[2025-04-10 21:58:47] G1: Inicializado com cache de 10 minutos.
[2025-04-10 21:58:47] G1: Iniciando scraping da página de listagem.
[2025-04-10 21:58:47] G1: Nós encontrados na listagem: 10
[2025-04-10 21:58:50] G1: Scraping concluído. Artigos encontrados: 10
[2025-04-10 21:58:50] UOL: Itens encontrados na listagem: 11
[2025-04-10 21:58:52] UOL: Scraping concluído. Artigos encontrados: 11
[2025-04-10 21:58:53] G1: Inicializado com cache de 10 minutos.
[2025-04-10 21:58:53] G1: Usando dados em cache.
[2025-04-10 21:58:53] UOL: Itens encontrados na listagem: 11
[2025-04-10 21:58:55] UOL: Scraping concluído. Artigos encontrados: 11
[2025-04-10 21:59:30] G1: Inicializado com cache de 10 minutos.
[2025-04-10 21:59:30] G1: Usando dados em cache.
[2025-04-10 21:59:31] UOL: Itens encontrados na listagem: 0
[2025-04-10 21:59:31] UOL: Scraping concluído. Artigos encontrados: 0
[2025-04-10 21:59:31] G1: Inicializado com cache de 10 minutos.
[2025-04-10 21:59:31] G1: Usando dados em cache.
[2025-04-10 21:59:31] UOL: Itens encontrados na listagem: 0
[2025-04-10 21:59:31] UOL: Scraping concluído. Artigos encontrados: 0
[2025-04-10 21:59:32] G1: Inicializado com cache de 10 minutos.
[2025-04-10 21:59:32] G1: Iniciando scraping da página de listagem.
[2025-04-10 21:59:33] G1: Nós encontrados na listagem: 10
[2025-04-10 21:59:36] G1: Scraping concluído. Artigos encontrados: 10
[2025-04-10 21:59:36] UOL: Itens encontrados na listagem: 0
[2025-04-10 21:59:36] UOL: Scraping concluído. Artigos encontrados: 0
[2025-04-10 21:59:38] G1: Inicializado com cache de 10 minutos.
[2025-04-10 21:59:38] G1: Usando dados em cache.
[2025-04-10 21:59:38] UOL: Itens encontrados na listagem: 11
[2025-04-10 21:59:40] UOL: Scraping concluído. Artigos encontrados: 11
[2025-04-10 21:59:40] G1: Inicializado com cache de 10 minutos.
[2025-04-10 21:59:40] G1: Usando dados em cache.
[2025-04-10 21:59:40] UOL: Itens encontrados na listagem: 11
[2025-04-10 21:59:42] UOL: Scraping concluído. Artigos encontrados: 11
[2025-04-10 22:02:05] [G1] | Inicializado: Cache definido para 10 minutos.
[2025-04-10 22:02:05] [G1] | Cache: Utilizando dados em cache.
[2025-04-10 22:02:06] [UOL] | Listagem: Itens encontrados = 11
[2025-04-10 22:02:08] [UOL] | Concluído: Scraping finalizado. Artigos encontrados = 11
[2025-04-10 22:02:08] [G1] | Inicializado: Cache definido para 10 minutos.
[2025-04-10 22:02:08] [G1] | Cache: Utilizando dados em cache.
[2025-04-10 22:02:08] [UOL] | Listagem: Itens encontrados = 11
[2025-04-10 22:02:10] [UOL] | Concluído: Scraping finalizado. Artigos encontrados = 11
[2025-04-10 22:06:13] [G1] | Inicializado: Cache definido para 10 minutos.
[2025-04-10 22:06:13] [G1] | Scraping: Iniciando scraping da página de listagem.
[2025-04-10 22:06:13] [G1] | Listagem: Nós encontrados = 10
[2025-04-10 22:06:16] [G1] | Concluído: Scraping finalizado. Artigos encontrados = 10
[2025-04-10 22:06:16] [UOL] | Listagem: Itens encontrados = 11
[2025-04-10 22:06:18] [UOL] | Concluído: Scraping finalizado. Artigos encontrados = 11
[2025-04-10 22:06:21] [G1] | Inicializado: Cache definido para 10 minutos.
[2025-04-10 22:06:21] [G1] | Cache: Utilizando dados em cache.
[2025-04-10 22:06:21] [UOL] | Listagem: Itens encontrados = 11
[2025-04-10 22:06:23] [UOL] | Concluído: Scraping finalizado. Artigos encontrados = 11
[2025-04-10 22:06:23] [G1] | Inicializado: Cache definido para 10 minutos.
[2025-04-10 22:06:23] [G1] | Cache: Utilizando dados em cache.
[2025-04-10 22:06:23] [UOL] | Listagem: Itens encontrados = 11
[2025-04-10 22:06:25] [UOL] | Concluído: Scraping finalizado. Artigos encontrados = 11
[2025-04-10 22:07:28] [G1] | Inicializado: Cache definido para 10 minutos.
[2025-04-10 22:07:28] [UOL] | Inicializado.
[2025-04-10 22:07:28] [G1] | Cache: Utilizando dados do cache.
[2025-04-10 22:07:28] [UOL] | Listagem: Itens encontrados = 11
[2025-04-10 22:07:30] [UOL] | Concluído: Scraping finalizado. Artigos encontrados = 11
[2025-04-10 22:07:30] [G1] | Inicializado: Cache definido para 10 minutos.
[2025-04-10 22:07:30] [UOL] | Inicializado.
[2025-04-10 22:07:30] [G1] | Cache: Utilizando dados do cache.
[2025-04-10 22:07:30] [UOL] | Listagem: Itens encontrados = 11
[2025-04-10 22:07:32] [UOL] | Concluído: Scraping finalizado. Artigos encontrados = 11
[2025-04-10 22:11:17] [G1] | Inicializado: Cache definido para 10 minutos.
[2025-04-10 22:11:17] [UOL] | Inicializado: Cache definido para 10 minutos.
[2025-04-10 22:11:17] [G1] | Cache: Utilizando dados do cache.
[2025-04-10 22:11:17] [UOL] | Scraping: Iniciando scraping da página de listagem.
[2025-04-10 22:11:17] [UOL] | Listagem: Itens encontrados = 11
[2025-04-10 22:11:19] [UOL] | Concluído: Scraping finalizado. Artigos encontrados = 11
[2025-04-10 22:11:19] [G1] | Inicializado: Cache definido para 10 minutos.
[2025-04-10 22:11:19] [UOL] | Inicializado: Cache definido para 10 minutos.
[2025-04-10 22:11:19] [G1] | Cache: Utilizando dados do cache.
[2025-04-10 22:11:19] [UOL] | Cache: Utilizando dados do cache.
[2025-04-10 22:18:05] [G1] | Inicializado: Cache definido para 10 minutos.
[2025-04-10 22:18:05] [UOL] | Inicializado: Cache definido para 10 minutos.
[2025-04-10 22:18:05] [G1] | Scraping: Iniciando scraping da página de listagem.
[2025-04-10 22:18:05] [G1] | Listagem: Nós encontrados = 10
[2025-04-10 22:18:09] [G1] | Concluído: Scraping finalizado. Artigos encontrados = 10
[2025-04-10 22:18:09] [UOL] | Cache: Utilizando dados do cache.
[2025-04-10 22:18:09] [G1] | Inicializado: Cache definido para 10 minutos.
[2025-04-10 22:18:09] [UOL] | Inicializado: Cache definido para 10 minutos.
[2025-04-10 22:18:09] [G1] | Cache: Utilizando dados do cache.
[2025-04-10 22:18:09] [UOL] | Cache: Utilizando dados do cache.
[2025-04-10 22:27:52] [G1] | Inicializado: Cache definido para 10 minutos.
[2025-04-10 22:27:52] [UOL] | Inicializado: Cache definido para 10 minutos.
[2025-04-10 22:27:52] [G1] | Cache: Utilizando dados do cache.
[2025-04-10 22:27:52] [UOL] | Scraping: Iniciando scraping da página de listagem.
[2025-04-10 22:27:52] [UOL] | Listagem: Itens encontrados = 11
[2025-04-10 22:27:54] [UOL] | Concluído: Scraping finalizado. Artigos encontrados = 11
[2025-04-10 22:27:55] [G1] | Inicializado: Cache definido para 10 minutos.
[2025-04-10 22:27:55] [UOL] | Inicializado: Cache definido para 10 minutos.
[2025-04-10 22:27:55] [G1] | Cache: Utilizando dados do cache.
[2025-04-10 22:27:55] [UOL] | Cache: Utilizando dados do cache.
[2025-04-10 22:32:22] [G1] | Inicializado: Cache definido para 10 minutos.
[2025-04-10 22:32:22] [UOL] | Inicializado: Cache definido para 10 minutos.
[2025-04-10 22:32:22] [G1] | Scraping: Iniciando scraping da página de listagem.
[2025-04-10 22:32:22] [G1] | Listagem: Nós encontrados = 10
[2025-04-10 22:32:26] [G1] | Concluído: Scraping finalizado. Artigos encontrados = 10
[2025-04-10 22:32:26] [UOL] | Cache: Utilizando dados do cache.
[2025-04-10 22:32:26] [G1] | Inicializado: Cache definido para 10 minutos.
[2025-04-10 22:32:26] [UOL] | Inicializado: Cache definido para 10 minutos.
[2025-04-10 22:32:26] [G1] | Cache: Utilizando dados do cache.
[2025-04-10 22:32:26] [UOL] | Cache: Utilizando dados do cache.
[2025-04-10 22:32:31] [G1] | Inicializado: Cache definido para 10 minutos.
[2025-04-10 22:32:31] [UOL] | Inicializado: Cache definido para 10 minutos.
[2025-04-10 22:32:31] [G1] | Scraping: Iniciando scraping da página de listagem.
[2025-04-10 22:32:32] [G1] | Listagem: Nós encontrados = 10
[2025-04-10 22:32:35] [G1] | Concluído: Scraping finalizado. Artigos encontrados = 10
[2025-04-10 22:32:35] [UOL] | Scraping: Iniciando scraping da página de listagem.
[2025-04-10 22:32:35] [UOL] | Listagem: Itens encontrados = 11
[2025-04-10 22:32:37] [UOL] | Concluído: Scraping finalizado. Artigos encontrados = 11
[2025-04-10 22:32:38] [G1] | Inicializado: Cache definido para 10 minutos.
[2025-04-10 22:32:38] [UOL] | Inicializado: Cache definido para 10 minutos.
[2025-04-10 22:32:38] [G1] | Cache: Utilizando dados do cache.
[2025-04-10 22:32:38] [UOL] | Cache: Utilizando dados do cache.
[2025-04-10 22:32:39] [G1] | Inicializado: Cache definido para 10 minutos.
[2025-04-10 22:32:39] [UOL] | Inicializado: Cache definido para 10 minutos.
[2025-04-10 22:32:39] [G1] | Cache: Utilizando dados do cache.
[2025-04-10 22:32:39] [UOL] | Cache: Utilizando dados do cache.
[2025-04-10 22:39:10] [G1] | Inicializado: Cache definido para 10 minutos.
[2025-04-10 22:39:10] [UOL] | Inicializado: Cache definido para 10 minutos.
[2025-04-10 22:39:10] [Cache] | Utilizando cache do arquivo: C:\Users\alexa\OneDrive\Área de Trabalho\sistema-noticias\app\models/../../cache/g1_news.json
[2025-04-10 22:39:10] [G1] | Cache: Utilizando dados do cache.
[2025-04-10 22:39:10] [Cache] | Utilizando cache do arquivo: C:\Users\alexa\OneDrive\Área de Trabalho\sistema-noticias\app\models/../../cache/uol_news.json
[2025-04-10 22:39:10] [UOL] | Cache: Utilizando dados do cache.
[2025-04-10 22:39:10] [G1] | Inicializado: Cache definido para 10 minutos.
[2025-04-10 22:39:10] [UOL] | Inicializado: Cache definido para 10 minutos.
[2025-04-10 22:39:10] [Cache] | Utilizando cache do arquivo: C:\Users\alexa\OneDrive\Área de Trabalho\sistema-noticias\app\models/../../cache/g1_news.json
[2025-04-10 22:39:10] [G1] | Cache: Utilizando dados do cache.
[2025-04-10 22:39:10] [Cache] | Utilizando cache do arquivo: C:\Users\alexa\OneDrive\Área de Trabalho\sistema-noticias\app\models/../../cache/uol_news.json
[2025-04-10 22:39:10] [UOL] | Cache: Utilizando dados do cache.
